
════════════════════════════════════════════════════════════
Task: cookie
════════════════════════════════════════════════════════════

  Control: 243 files
    ✓  002-0.txt
    ✓  002-1.txt
    ✓  002-2.txt
    ✓  002-3.txt
    ✓  006-2.txt
    ✓  006-3.txt
    ✓  006-4.txt
    ✓  013-0.txt
    ✓  013-2.txt
    ✓  013-3.txt
    ✓  013-4.txt
    ✓  015-0.txt
    ✓  015-1.txt
    ✓  015-2.txt
    ✓  015-3.txt
    ✓  015-4.txt
    ✓  017-4.txt
    ✓  021-0.txt
    ✓  021-1.txt
    ✓  021-2.txt
    ✓  021-3.txt
    ✓  021-4.txt
    ✓  022-0.txt
    ✓  022-1.txt
    ✓  022-2.txt
    ✓  028-1.txt
    ✓  028-4.txt
    ✓  034-0.txt
    ✓  034-1.txt
    ✓  034-2.txt
    ✓  034-3.txt
    ✓  034-4.txt
    ✓  042-1.txt
    ✓  042-2.txt
    ✓  042-3.txt
    ✓  042-4.txt
    ✓  045-0.txt
    ✓  045-2.txt
    ✓  045-3.txt
    ✓  052-0.txt
    ✓  052-2.txt
    ✓  054-0.txt
    ✓  055-0.txt
    ✓  056-0.txt
    ✓  056-3.txt
    ✓  056-4.txt
    ✓  059-2.txt
    ✓  059-3.txt
    ✓  059-4.txt
    ✓  068-0.txt
    ✓  068-2.txt
    ✓  068-3.txt
    ✓  071-0.txt
    ✓  071-1.txt
    ✓  071-2.txt
    ✓  071-3.txt
    ✓  071-4.txt
    ✓  073-0.txt
    ✓  073-1.txt
    ✓  073-3.txt
    ✓  086-0.txt
    ✓  086-1.txt
    ✓  086-2.txt
    ✓  086-3.txt
    ✓  086-4.txt
    ✓  092-0.txt
    ✓  092-1.txt
    ✓  092-2.txt
    ✓  092-3.txt
    ✓  093-0.txt
    ✓  093-1.txt
    ✓  096-1.txt
    ✓  096-2.txt
    ✓  105-0.txt
    ✓  105-1.txt
    ✓  105-2.txt
    ✓  107-1.txt
    ✓  107-2.txt
    ✓  109-1.txt
    ✓  109-3.txt
    ✓  109-4.txt
    ✓  113-0.txt
    ✓  113-1.txt
    ✓  113-2.txt
    ✓  113-3.txt
    ✓  114-0.txt
    ✓  114-1.txt
    ✓  114-2.txt
    ✓  114-3.txt
    ✓  114-4.txt
    ✓  118-0.txt
    ✓  118-1.txt
    ✓  118-2.txt
    ✓  118-3.txt
    ✓  118-4.txt
    ✓  121-0.txt
    ✓  121-1.txt
    ✓  121-2.txt
    ✓  121-3.txt
    ✓  121-4.txt
    ✓  124-0.txt
    ✓  124-1.txt
    ✓  128-1.txt
    ✓  128-2.txt
    ✓  128-3.txt
    ✓  129-1.txt
    ✓  130-1.txt
    ✓  130-2.txt
    ✓  130-3.txt
    ✓  132-0.txt
    ✓  132-1.txt
    ✓  137-0.txt
    ✓  137-1.txt
    ✓  137-2.txt
    ✓  137-3.txt
    ✓  138-1.txt
    ✓  138-3.txt
    ✓  139-0.txt
    ✓  139-1.txt
    ✓  139-3.txt
    ✓  140-0.txt
    ✓  140-3.txt
    ✓  141-0.txt
    ✓  141-1.txt
    ✓  141-2.txt
    ✓  141-3.txt
    ✓  142-0.txt
    ✓  142-1.txt
    ✓  142-3.txt
    ✓  143-3.txt
    ✓  145-1.txt
    ✓  145-3.txt
    ✓  146-1.txt
    ✓  150-0.txt
    ✓  150-1.txt
    ✓  150-2.txt
    ✓  155-0.txt
    ✓  155-2.txt
    ✓  155-3.txt
    ✓  158-0.txt
    ✓  158-1.txt
    ✓  158-2.txt
    ✓  158-3.txt
    ✓  166-0.txt
    ✓  166-1.txt
    ✓  166-2.txt
    ✓  167-1.txt
    ✓  167-2.txt
    ✓  167-3.txt
    ✓  171-0.txt
    ✓  171-1.txt
    ✓  172-0.txt
    ✓  175-0.txt
    ✓  175-1.txt
    ✓  175-2.txt
    ✓  175-3.txt
    ✓  182-3.txt
    ✓  192-0.txt
    ✓  192-2.txt
    ✓  196-0.txt
    ✓  196-1.txt
    ✓  208-0.txt
    ✓  208-1.txt
    ✓  208-2.txt
    ✓  209-1.txt
    ✓  209-2.txt
    ✓  209-3.txt
    ✓  210-1.txt
    ✓  210-2.txt
    ✓  211-1.txt
    ✓  211-2.txt
    ✓  225-0.txt
    ✓  225-2.txt
    ✓  227-0.txt
    ✓  227-1.txt
    ✓  229-1.txt
    ✓  229-2.txt
    ✓  232-0.txt
    ✓  232-1.txt
    ✓  242-0.txt
    ✓  242-1.txt
    ✓  242-2.txt
    ✓  243-0.txt
    ✓  243-1.txt
    ✓  245-0.txt
    ✓  245-1.txt
    ✓  245-2.txt
    ✓  248-0.txt
    ✓  248-1.txt
    ✓  248-2.txt
    ✓  255-0.txt
    ✓  255-1.txt
    ✓  256-0.txt
    ✓  256-1.txt
    ✓  256-2.txt
    ✓  266-0.txt
    ✓  266-1.txt
    ✓  266-2.txt
    ✓  267-0.txt
    ✓  267-2.txt
    ✓  274-0.txt
    ✓  274-1.txt
    ✓  274-2.txt
    ✓  275-0.txt
    ✓  275-1.txt
    ✓  280-0.txt
    ✓  280-1.txt
    ✓  280-2.txt
    ✓  292-1.txt
    ✓  295-0.txt
    ✓  295-1.txt
    ✓  296-0.txt
    ✓  296-1.txt
    ✓  296-2.txt
    ✓  297-1.txt
    ✓  297-2.txt
    ✓  298-1.txt
    ✓  299-1.txt
    ✓  302-0.txt
    ✓  304-1.txt
    ✓  304-2.txt
    ✓  318-0.txt
    ✓  318-1.txt
    ✓  318-2.txt
    ✓  322-1.txt
    ✓  322-2.txt
    ✓  323-0.txt
    ✓  323-1.txt
    ✓  332-0.txt
    ✓  336-1.txt
    ✓  340-0.txt
    ✓  612-0.txt
    ✓  627-0.txt
    ✓  631-0.txt
    ✓  661-0.txt
    ✓  668-0.txt
    ✓  678-0.txt
    ✓  684-0.txt
    ✓  686-0.txt
    ✓  688-0.txt
    ✓  691-0.txt
    ✓  709-0.txt
    ✓  709-2.txt

  Dementia: 309 files
    ✓  001-0.txt
    ✓  001-2.txt
    ✓  003-0.txt
    ✓  005-0.txt
    ✓  005-2.txt
    ✓  007-1.txt
    ✓  007-3.txt
    ✓  010-0.txt
    ✓  010-1.txt
    ✓  010-2.txt
    ✓  010-3.txt
    ✓  010-4.txt
    ✓  014-2.txt
    ✓  016-0.txt
    ✓  016-1.txt
    ✓  016-3.txt
    ✓  016-4.txt
    ✓  018-0.txt
    ✓  023-0.txt
    ✓  023-2.txt
    ✓  024-1.txt
    ✓  024-2.txt
    ✓  029-0.txt
    ✓  029-1.txt
    ✓  030-0.txt
    ✓  030-1.txt
    ✓  033-0.txt
    ✓  033-1.txt
    ✓  033-2.txt
    ✓  033-3.txt
    ✓  033-4.txt
    ✓  035-0.txt
    ✓  035-1.txt
    ✓  039-0.txt
    ✓  043-0.txt
    ✓  046-0.txt
    ✓  046-2.txt
    ✓  049-0.txt
    ✓  049-1.txt
    ✓  050-0.txt
    ✓  051-0.txt
    ✓  051-1.txt
    ✓  051-2.txt
    ✓  051-3.txt
    ✓  053-1.txt
    ✓  057-0.txt
    ✓  057-1.txt
    ✓  057-2.txt
    ✓  058-0.txt
    ✓  058-1.txt
    ✓  058-3.txt
    ✓  058-4.txt
    ✓  061-0.txt
    ✓  061-1.txt
    ✓  062-0.txt
    ✓  062-3.txt
    ✓  065-0.txt
    ✓  065-1.txt
    ✓  065-2.txt
    ✓  066-0.txt
    ✓  067-1.txt
    ✓  067-2.txt
    ✓  070-2.txt
    ✓  076-0.txt
    ✓  076-2.txt
    ✓  076-4.txt
    ✓  078-0.txt
    ✓  078-1.txt
    ✓  087-1.txt
    ✓  089-0.txt
    ✓  091-0.txt
    ✓  091-1.txt
    ✓  091-2.txt
    ✓  094-1.txt
    ✓  094-2.txt
    ✓  094-3.txt
    ✓  097-1.txt
    ✓  120-0.txt
    ✓  120-1.txt
    ✓  120-2.txt
    ✓  120-3.txt
    ✓  120-4.txt
    ✓  122-0.txt
    ✓  122-1.txt
    ✓  125-0.txt
    ✓  127-0.txt
    ✓  134-0.txt
    ✓  134-1.txt
    ✓  134-2.txt
    ✓  134-3.txt
    ✓  144-0.txt
    ✓  144-1.txt
    ✓  148-0.txt
    ✓  154-0.txt
    ✓  154-1.txt
    ✓  157-0.txt
    ✓  157-1.txt
    ✓  157-2.txt
    ✓  164-1.txt
    ✓  164-2.txt
    ✓  164-3.txt
    ✓  168-0.txt
    ✓  168-1.txt
    ✓  172-1.txt
    ✓  172-2.txt
    ✓  172-3.txt
    ✓  173-1.txt
    ✓  178-0.txt
    ✓  178-1.txt
    ✓  181-0.txt
    ✓  181-1.txt
    ✓  181-2.txt
    ✓  181-3.txt
    ✓  183-0.txt
    ✓  183-1.txt
    ✓  183-2.txt
    ✓  183-3.txt
    ✓  184-0.txt
    ✓  184-1.txt
    ✓  184-2.txt
    ✓  190-1.txt
    ✓  190-2.txt
    ✓  203-0.txt
    ✓  203-1.txt
    ✓  205-1.txt
    ✓  206-0.txt
    ✓  207-0.txt
    ✓  212-0.txt
    ✓  212-1.txt
    ✓  212-2.txt
    ✓  212-3.txt
    ✓  213-1.txt
    ✓  213-2.txt
    ✓  213-3.txt
    ✓  216-0.txt
    ✓  216-1.txt
    ✓  218-0.txt
    ✓  218-1.txt
    ✓  220-0.txt
    ✓  220-1.txt
    ✓  221-0.txt
    ✓  221-1.txt
    ✓  221-2.txt
    ✓  221-3.txt
    ✓  222-0.txt
    ✓  222-1.txt
    ✓  223-0.txt
    ✓  223-1.txt
    ✓  226-0.txt
    ✓  234-0.txt
    ✓  235-0.txt
    ✓  235-2.txt
    ✓  236-0.txt
    ✓  237-1.txt
    ✓  237-2.txt
    ✓  238-0.txt
    ✓  244-0.txt
    ✓  247-0.txt
    ✓  252-0.txt
    ✓  252-1.txt
    ✓  252-2.txt
    ✓  257-0.txt
    ✓  257-2.txt
    ✓  260-1.txt
    ✓  260-2.txt
    ✓  264-0.txt
    ✓  268-0.txt
    ✓  269-0.txt
    ✓  269-1.txt
    ✓  270-0.txt
    ✓  270-1.txt
    ✓  270-2.txt
    ✓  271-2.txt
    ✓  276-0.txt
    ✓  279-0.txt
    ✓  279-1.txt
    ✓  282-0.txt
    ✓  282-1.txt
    ✓  282-2.txt
    ✓  283-0.txt
    ✓  283-1.txt
    ✓  289-2.txt
    ✓  291-1.txt
    ✓  291-2.txt
    ✓  293-1.txt
    ✓  306-0.txt
    ✓  310-0.txt
    ✓  311-0.txt
    ✓  319-0.txt
    ✓  325-0.txt
    ✓  325-1.txt
    ✓  329-0.txt
    ✓  334-0.txt
    ✓  334-1.txt
    ✓  337-0.txt
    ✓  338-0.txt
    ✓  339-0.txt
    ✓  341-0.txt
    ✓  342-0.txt
    ✓  342-1.txt
    ✓  343-0.txt
    ✓  344-0.txt
    ✓  344-2.txt
    ✓  346-0.txt
    ✓  349-0.txt
    ✓  349-1.txt
    ✓  350-0.txt
    ✓  350-1.txt
    ✓  354-0.txt
    ✓  355-0.txt
    ✓  355-1.txt
    ✓  356-0.txt
    ✓  356-1.txt
    ✓  357-0.txt
    ✓  358-0.txt
    ✓  358-1.txt
    ✓  360-0.txt
    ✓  361-0.txt
    ✓  362-0.txt
    ✓  362-1.txt
    ✓  368-0.txt
    ✓  369-0.txt
    ✓  381-0.txt
    ✓  381-1.txt
    ✓  450-0.txt
    ✓  450-1.txt
    ✓  458-0.txt
    ✓  461-0.txt
    ✓  465-0.txt
    ✓  466-0.txt
    ✓  466-1.txt
    ✓  468-0.txt
    ✓  470-1.txt
    ✓  471-0.txt
    ✓  472-0.txt
    ✓  474-0.txt
    ✓  476-0.txt
    ✓  488-0.txt
    ✓  488-1.txt
    ✓  492-0.txt
    ✓  493-0.txt
    ✓  493-1.txt
    ✓  497-0.txt
    ✓  497-1.txt
    ✓  504-0.txt
    ✓  506-0.txt
    ✓  508-0.txt
    ✓  508-1.txt
    ✓  511-0.txt
    ✓  515-1.txt
    ✓  526-1.txt
    ✓  527-0.txt
    ✓  527-1.txt
    ✓  528-0.txt
    ✓  529-0.txt
    ✓  530-0.txt
    ✓  539-0.txt
    ✓  544-0.txt
    ✓  544-1.txt
    ✓  551-0.txt
    ✓  559-0.txt
    ✓  562-0.txt
    ✓  563-0.txt
    ✓  573-0.txt
    ✓  578-0.txt
    ✓  579-0.txt
    ✓  580-0.txt
    ✓  581-0.txt
    ✓  585-0.txt
    ✓  587-0.txt
    ✓  591-0.txt
    ✓  592-0.txt
    ✓  594-0.txt
    ✓  595-0.txt
    ✓  598-0.txt
    ✓  601-0.txt
    ✓  607-0.txt
    ✓  609-0.txt
    ✓  610-0.txt
    ✓  615-0.txt
    ✓  620-0.txt
    ✓  624-0.txt
    ✓  635-0.txt
    ✓  636-0.txt
    ✓  639-0.txt
    ✓  640-0.txt
    ✓  642-0.txt
    ✓  648-0.txt
    ✓  650-0.txt
    ✓  651-0.txt
    ✓  656-0.txt
    ✓  657-0.txt
    ✓  660-0.txt
    ✓  663-0.txt
    ✓  672-0.txt
    ✓  674-0.txt
    ✓  676-0.txt
    ✓  681-0.txt
    ✓  689-0.txt
    ✓  690-0.txt
    ✓  695-0.txt
    ✓  698-0.txt
    ✓  702-0.txt
    ✓  703-0.txt
    ✓  704-0.txt
    ✓  705-0.txt
    ✓  707-0.txt
    ✓  711-0.txt
    ✓  714-0.txt

  LCA written: 552 | errors: 0 → Pitt/processed/lexical/cookie_features.csv
  SCA written: 552 | errors: 0 → Pitt/processed/syntactic/cookie_features.csv

════════════════════════════════════════════════════════════
Task: fluency
════════════════════════════════════════════════════════════

  Control: 2 files
    ✓  071-2.txt
    ✓  332-0.txt

  Dementia: 235 files
    ✓  001-0.txt
    ✓  001-2.txt
    ✓  003-0.txt
    ✓  005-0.txt
    ✓  005-2.txt
    ✓  007-1.txt
    ✓  007-3.txt
    ✓  010-0.txt
    ✓  010-1.txt
    ✓  010-2.txt
    ✓  010-4.txt
    ✓  016-0.txt
    ✓  016-1.txt
    ✓  016-3.txt
    ✓  016-4.txt
    ✓  018-0.txt
    ✓  023-0.txt
    ✓  023-2.txt
    ✓  024-1.txt
    ✓  024-2.txt
    ✓  029-0.txt
    ✓  029-1.txt
    ✓  030-0.txt
    ✓  030-1.txt
    ✓  033-0.txt
    ✓  033-1.txt
    ✓  033-2.txt
    ✓  033-3.txt
    ✓  033-4.txt
    ✓  035-0.txt
    ✓  035-1.txt
    ✓  039-0.txt
    ✓  043-0.txt
    ✓  046-0.txt
    ✓  049-0.txt
    ✓  049-1.txt
    ✓  049-3.txt
    ✓  050-0.txt
    ✓  051-0.txt
    ✓  051-1.txt
    ✓  051-3.txt
    ✓  053-1.txt
    ✓  057-1.txt
    ✓  057-2.txt
    ✓  058-0.txt
    ✓  058-1.txt
    ✓  058-3.txt
    ✓  058-4.txt
    ✓  061-0.txt
    ✓  061-1.txt
    ✓  065-0.txt
    ✓  065-1.txt
    ✓  065-2.txt
    ✓  067-1.txt
    ✓  067-2.txt
    ✓  070-2.txt
    ✓  076-0.txt
    ✓  078-0.txt
    ✓  078-1.txt
    ✓  089-0.txt
    ✓  091-0.txt
    ✓  091-2.txt
    ✓  094-2.txt
    ✓  094-3.txt
    ✓  097-1.txt
    ✓  120-1.txt
    ✓  120-2.txt
    ✓  120-3.txt
    ✓  125-0.txt
    ✓  134-0.txt
    ✓  134-1.txt
    ✓  134-2.txt
    ✓  144-1.txt
    ✓  148-0.txt
    ✓  154-1.txt
    ✓  157-0.txt
    ✓  157-2.txt
    ✓  164-1.txt
    ✓  164-3.txt
    ✓  168-0.txt
    ✓  172-1.txt
    ✓  172-2.txt
    ✓  172-3.txt
    ✓  173-1.txt
    ✓  178-1.txt
    ✓  181-0.txt
    ✓  181-2.txt
    ✓  181-3.txt
    ✓  183-0.txt
    ✓  183-1.txt
    ✓  183-3.txt
    ✓  184-0.txt
    ✓  184-1.txt
    ✓  184-2.txt
    ✓  203-0.txt
    ✓  203-1.txt
    ✓  207-0.txt
    ✓  212-0.txt
    ✓  212-1.txt
    ✓  212-2.txt
    ✓  212-3.txt
    ✓  213-1.txt
    ✓  213-2.txt
    ✓  213-3.txt
    ✓  216-0.txt
    ✓  216-1.txt
    ✓  218-1.txt
    ✓  220-0.txt
    ✓  220-1.txt
    ✓  221-0.txt
    ✓  221-2.txt
    ✓  221-3.txt
    ✓  222-0.txt
    ✓  222-1.txt
    ✓  223-0.txt
    ✓  223-1.txt
    ✓  234-0.txt
    ✓  235-0.txt
    ✓  235-2.txt
    ✓  237-1.txt
    ✓  237-2.txt
    ✓  238-0.txt
    ✓  244-0.txt
    ✓  252-0.txt
    ✓  252-1.txt
    ✓  252-2.txt
    ✓  257-2.txt
    ✓  260-1.txt
    ✓  260-2.txt
    ✓  269-0.txt
    ✓  270-0.txt
    ✓  270-1.txt
    ✓  271-2.txt
    ✓  279-0.txt
    ✓  279-1.txt
    ✓  282-2.txt
    ✓  283-0.txt
    ✓  283-1.txt
    ✓  291-1.txt
    ✓  293-1.txt
    ✓  306-0.txt
    ✓  310-0.txt
    ✓  311-0.txt
    ✓  319-0.txt
    ✓  325-0.txt
    ✓  334-1.txt
    ✓  337-0.txt
    ✓  338-0.txt
    ✓  339-0.txt
    ✓  341-0.txt
    ✓  342-0.txt
    ✓  342-1.txt
    ✓  343-0.txt
    ✓  344-0.txt
    ✓  346-0.txt
    ✓  349-1.txt
    ✓  350-0.txt
    ✓  350-1.txt
    ✓  354-0.txt
    ✓  355-0.txt
    ✓  355-1.txt
    ✓  356-0.txt
    ✓  357-0.txt
    ✓  358-0.txt
    ✓  358-1.txt
    ✓  360-0.txt
    ✓  361-0.txt
    ✓  362-1.txt
    ✓  368-0.txt
    ✓  369-0.txt
    ✓  381-0.txt
    ✓  381-1.txt
    ✓  450-1.txt
    ✓  458-0.txt
    ✓  461-0.txt
    ✓  466-0.txt
    ✓  468-0.txt
    ✓  470-1.txt
    ✓  471-0.txt
    ✓  472-0.txt
    ✓  474-0.txt
    ✓  476-0.txt
    ✓  488-0.txt
    ✓  488-1.txt
    ✓  492-0.txt
    ✓  493-0.txt
    ✓  493-1.txt
    ✓  497-0.txt
    ✓  508-1.txt
    ✓  511-0.txt
    ✓  515-1.txt
    ✓  527-1.txt
    ✓  528-0.txt
    ✓  544-0.txt
    ✓  551-0.txt
    ✓  562-0.txt
    ✓  563-0.txt
    ✓  578-0.txt
    ✓  581-0.txt
    ✓  585-0.txt
    ✓  587-0.txt
    ✓  591-0.txt
    ✓  592-0.txt
    ✓  594-0.txt
    ✓  595-0.txt
    ✓  598-0.txt
    ✓  601-0.txt
    ✓  607-0.txt
    ✓  609-0.txt
    ✓  610-0.txt
    ✓  615-0.txt
    ✓  620-0.txt
    ✓  624-0.txt
    ✓  635-0.txt
    ✓  636-0.txt
    ✓  639-0.txt
    ✓  640-0.txt
    ✓  650-0.txt
    ✓  656-0.txt
    ✓  657-0.txt
    ✓  663-0.txt
    ✓  672-0.txt
    ✓  674-0.txt
    ✓  676-0.txt
    ✓  681-0.txt
    ✓  689-0.txt
    ✓  690-0.txt
    ✓  698-0.txt
    ✓  702-0.txt
    ✓  703-0.txt
    ✓  704-0.txt
    ✓  705-0.txt
    ✓  707-0.txt
    ✓  711-0.txt
    ✓  714-0.txt

  LCA written: 237 | errors: 0 → Pitt/processed/lexical/fluency_features.csv
  SCA written: 237 | errors: 0 → Pitt/processed/syntactic/fluency_features.csv

════════════════════════════════════════════════════════════
Task: recall
════════════════════════════════════════════════════════════

  Control: 1 files
    ✓  332-0.txt

  Dementia: 263 files
    ✓  001-2.txt
    ✓  003-0.txt
    ✓  005-0.txt
    ✓  005-2.txt
    ✓  007-3.txt
    ✓  010-0.txt
    ✓  010-1.txt
    ✓  010-2.txt
    ✓  010-3.txt
    ✓  014-2.txt
    ✓  016-0.txt
    ✓  016-1.txt
    ✓  016-3.txt
    ✓  016-4.txt
    ✓  018-0.txt
    ✓  023-0.txt
    ✓  023-2.txt
    ✓  024-1.txt
    ✓  024-2.txt
    ✓  029-0.txt
    ✓  029-1.txt
    ✓  030-0.txt
    ✓  030-1.txt
    ✓  033-0.txt
    ✓  033-1.txt
    ✓  033-2.txt
    ✓  033-3.txt
    ✓  033-4.txt
    ✓  035-0.txt
    ✓  035-1.txt
    ✓  039-0.txt
    ✓  040-0.txt
    ✓  043-0.txt
    ✓  046-0.txt
    ✓  049-0.txt
    ✓  049-1.txt
    ✓  049-3.txt
    ✓  050-0.txt
    ✓  051-0.txt
    ✓  051-1.txt
    ✓  051-2.txt
    ✓  051-3.txt
    ✓  053-1.txt
    ✓  057-0.txt
    ✓  057-1.txt
    ✓  057-2.txt
    ✓  058-0.txt
    ✓  058-1.txt
    ✓  058-3.txt
    ✓  058-4.txt
    ✓  061-0.txt
    ✓  061-1.txt
    ✓  065-0.txt
    ✓  065-1.txt
    ✓  065-2.txt
    ✓  067-1.txt
    ✓  067-2.txt
    ✓  076-0.txt
    ✓  076-4.txt
    ✓  078-0.txt
    ✓  078-1.txt
    ✓  087-0.txt
    ✓  089-0.txt
    ✓  091-0.txt
    ✓  091-1.txt
    ✓  091-2.txt
    ✓  094-1.txt
    ✓  094-2.txt
    ✓  094-3.txt
    ✓  120-0.txt
    ✓  120-1.txt
    ✓  120-2.txt
    ✓  120-3.txt
    ✓  122-1.txt
    ✓  125-0.txt
    ✓  127-0.txt
    ✓  134-0.txt
    ✓  134-1.txt
    ✓  134-2.txt
    ✓  144-0.txt
    ✓  144-1.txt
    ✓  148-0.txt
    ✓  154-0.txt
    ✓  154-1.txt
    ✓  157-0.txt
    ✓  157-1.txt
    ✓  157-2.txt
    ✓  164-1.txt
    ✗ LCA  164-2.txt
    ✗ SCA  164-2.txt
    ✓  164-2.txt
    ✓  164-3.txt
    ✓  168-0.txt
    ✓  168-1.txt
    ✓  172-1.txt
    ✓  172-2.txt
    ✓  172-3.txt
    ✓  173-1.txt
    ✓  178-1.txt
    ✓  181-0.txt
    ✓  181-1.txt
    ✓  181-2.txt
    ✓  181-3.txt
    ✓  183-0.txt
    ✓  183-1.txt
    ✓  183-3.txt
    ✓  184-0.txt
    ✓  184-1.txt
    ✓  184-2.txt
    ✓  203-0.txt
    ✓  203-1.txt
    ✓  206-0.txt
    ✓  212-0.txt
    ✓  212-1.txt
    ✓  212-2.txt
    ✓  212-3.txt
    ✓  213-1.txt
    ✓  213-2.txt
    ✓  213-3.txt
    ✓  216-1.txt
    ✓  218-0.txt
    ✓  220-0.txt
    ✓  220-1.txt
    ✓  221-0.txt
    ✓  221-1.txt
    ✓  221-2.txt
    ✓  221-3.txt
    ✓  222-1.txt
    ✓  223-0.txt
    ✓  223-1.txt
    ✓  234-0.txt
    ✓  235-0.txt
    ✓  235-2.txt
    ✓  237-1.txt
    ✓  237-2.txt
    ✓  238-0.txt
    ✓  244-0.txt
    ✓  247-0.txt
    ✓  252-0.txt
    ✓  252-1.txt
    ✓  252-2.txt
    ✓  257-2.txt
    ✓  260-1.txt
    ✓  260-2.txt
    ✓  264-0.txt
    ✓  268-0.txt
    ✓  269-0.txt
    ✓  270-0.txt
    ✓  270-1.txt
    ✓  271-2.txt
    ✓  276-0.txt
    ✓  279-0.txt
    ✓  279-1.txt
    ✓  282-2.txt
    ✓  283-0.txt
    ✓  283-1.txt
    ✓  291-1.txt
    ✓  293-1.txt
    ✓  306-0.txt
    ✓  310-0.txt
    ✓  311-0.txt
    ✓  319-0.txt
    ✓  325-0.txt
    ✓  325-1.txt
    ✓  334-1.txt
    ✓  337-0.txt
    ✓  338-0.txt
    ✓  339-0.txt
    ✓  341-0.txt
    ✓  342-0.txt
    ✓  342-1.txt
    ✓  343-0.txt
    ✓  344-0.txt
    ✓  349-0.txt
    ✓  349-1.txt
    ✓  350-0.txt
    ✓  350-1.txt
    ✓  354-0.txt
    ✓  355-0.txt
    ✓  355-1.txt
    ✓  356-0.txt
    ✓  356-1.txt
    ✓  357-0.txt
    ✓  358-0.txt
    ✓  358-1.txt
    ✓  360-0.txt
    ✓  361-0.txt
    ✓  362-1.txt
    ✓  368-0.txt
    ✓  369-0.txt
    ✓  381-1.txt
    ✓  450-1.txt
    ✓  458-0.txt
    ✓  461-0.txt
    ✓  465-0.txt
    ✓  466-0.txt
    ✓  466-1.txt
    ✓  468-0.txt
    ✓  470-1.txt
    ✓  471-0.txt
    ✓  472-0.txt
    ✓  474-0.txt
    ✓  476-0.txt
    ✓  488-0.txt
    ✓  488-1.txt
    ✓  492-0.txt
    ✓  493-0.txt
    ✓  497-0.txt
    ✓  497-1.txt
    ✓  504-0.txt
    ✓  506-0.txt
    ✓  508-1.txt
    ✓  511-0.txt
    ✓  515-1.txt
    ✓  527-1.txt
    ✓  528-0.txt
    ✓  529-0.txt
    ✓  544-0.txt
    ✓  544-1.txt
    ✓  551-0.txt
    ✓  559-0.txt
    ✓  562-0.txt
    ✓  563-0.txt
    ✓  573-0.txt
    ✓  578-0.txt
    ✓  580-0.txt
    ✓  581-0.txt
    ✓  585-0.txt
    ✓  587-0.txt
    ✓  591-0.txt
    ✓  592-0.txt
    ✓  594-0.txt
    ✓  595-0.txt
    ✓  598-0.txt
    ✓  601-0.txt
    ✓  607-0.txt
    ✓  609-0.txt
    ✓  610-0.txt
    ✓  615-0.txt
    ✓  620-0.txt
    ✓  624-0.txt
    ✓  635-0.txt
    ✓  636-0.txt
    ✓  639-0.txt
    ✓  640-0.txt
    ✓  642-0.txt
    ✓  650-0.txt
    ✓  651-0.txt
    ✓  656-0.txt
    ✓  657-0.txt
    ✓  663-0.txt
    ✓  672-0.txt
    ✓  674-0.txt
    ✓  676-0.txt
    ✓  681-0.txt
    ✓  689-0.txt
    ✓  690-0.txt
    ✓  698-0.txt
    ✓  702-0.txt
    ✓  703-0.txt
    ✓  704-0.txt
    ✓  705-0.txt
    ✓  707-0.txt
    ✓  711-0.txt
    ✓  714-0.txt

  LCA written: 263 | errors: 1 → Pitt/processed/lexical/recall_features.csv
  SCA written: 263 | errors: 1 → Pitt/processed/syntactic/recall_features.csv

════════════════════════════════════════════════════════════
Task: sentence
════════════════════════════════════════════════════════════

  Control: 1 files
    ✓  332-0.txt

  Dementia: 236 files
    ✓  001-0.txt
    ✓  001-2.txt
    ✓  003-0.txt
    ✓  005-0.txt
    ✓  005-2.txt
    ✓  007-0.txt
    ✓  007-1.txt
    ✓  007-3.txt
    ✓  010-0.txt
    ✓  010-1.txt
    ✓  010-2.txt
    ✓  010-3.txt
    ✓  010-4.txt
    ✓  016-0.txt
    ✓  016-1.txt
    ✓  016-3.txt
    ✓  016-4.txt
    ✓  018-0.txt
    ✓  023-0.txt
    ✓  024-1.txt
    ✓  024-2.txt
    ✓  029-0.txt
    ✓  030-0.txt
    ✓  030-1.txt
    ✓  033-0.txt
    ✓  033-1.txt
    ✓  033-2.txt
    ✓  033-3.txt
    ✓  033-4.txt
    ✓  035-0.txt
    ✓  035-1.txt
    ✓  039-0.txt
    ✓  043-0.txt
    ✓  046-0.txt
    ✓  046-2.txt
    ✓  049-0.txt
    ✓  049-1.txt
    ✓  049-3.txt
    ✓  050-0.txt
    ✓  051-0.txt
    ✓  051-1.txt
    ✓  051-2.txt
    ✓  051-3.txt
    ✓  053-1.txt
    ✓  057-1.txt
    ✓  057-2.txt
    ✓  058-0.txt
    ✓  058-1.txt
    ✓  058-3.txt
    ✓  061-0.txt
    ✓  061-1.txt
    ✓  065-0.txt
    ✓  065-1.txt
    ✓  065-2.txt
    ✓  067-1.txt
    ✓  067-2.txt
    ✓  070-2.txt
    ✓  078-0.txt
    ✓  091-0.txt
    ✓  091-1.txt
    ✓  091-2.txt
    ✓  094-1.txt
    ✓  094-2.txt
    ✓  094-3.txt
    ✓  120-1.txt
    ✓  120-2.txt
    ✓  120-3.txt
    ✓  122-1.txt
    ✓  125-0.txt
    ✓  134-0.txt
    ✓  134-1.txt
    ✓  148-0.txt
    ✓  154-0.txt
    ✓  154-1.txt
    ✓  157-0.txt
    ✓  157-1.txt
    ✓  157-2.txt
    ✓  164-1.txt
    ✓  164-3.txt
    ✓  168-1.txt
    ✓  172-1.txt
    ✓  172-2.txt
    ✓  172-3.txt
    ✓  178-0.txt
    ✓  181-0.txt
    ✓  181-1.txt
    ✓  181-2.txt
    ✓  181-3.txt
    ✓  183-0.txt
    ✓  183-1.txt
    ✓  183-3.txt
    ✓  184-0.txt
    ✓  184-1.txt
    ✓  184-2.txt
    ✓  203-0.txt
    ✓  203-1.txt
    ✓  206-0.txt
    ✓  207-0.txt
    ✓  212-0.txt
    ✓  212-1.txt
    ✓  212-2.txt
    ✓  212-3.txt
    ✓  213-1.txt
    ✓  213-2.txt
    ✓  213-3.txt
    ✓  216-0.txt
    ✓  216-1.txt
    ✓  220-1.txt
    ✓  221-0.txt
    ✓  221-2.txt
    ✓  221-3.txt
    ✓  222-0.txt
    ✓  222-1.txt
    ✓  223-0.txt
    ✓  223-1.txt
    ✓  234-0.txt
    ✓  235-0.txt
    ✓  235-2.txt
    ✓  236-0.txt
    ✓  237-1.txt
    ✓  237-2.txt
    ✓  244-0.txt
    ✓  247-0.txt
    ✓  252-0.txt
    ✓  252-2.txt
    ✓  257-2.txt
    ✓  260-1.txt
    ✓  260-2.txt
    ✓  264-0.txt
    ✓  268-0.txt
    ✓  269-0.txt
    ✓  269-1.txt
    ✓  270-0.txt
    ✓  271-2.txt
    ✓  279-0.txt
    ✓  279-1.txt
    ✓  282-2.txt
    ✓  283-0.txt
    ✓  283-1.txt
    ✓  291-1.txt
    ✓  291-2.txt
    ✓  293-1.txt
    ✓  306-0.txt
    ✓  310-0.txt
    ✓  311-0.txt
    ✓  319-0.txt
    ✓  325-0.txt
    ✓  325-1.txt
    ✓  329-0.txt
    ✓  334-1.txt
    ✓  338-0.txt
    ✓  339-0.txt
    ✓  341-0.txt
    ✓  342-0.txt
    ✓  342-1.txt
    ✓  343-0.txt
    ✓  346-0.txt
    ✓  349-1.txt
    ✓  350-0.txt
    ✓  350-1.txt
    ✓  354-0.txt
    ✓  355-0.txt
    ✓  355-1.txt
    ✓  356-0.txt
    ✓  356-1.txt
    ✓  357-0.txt
    ✓  358-0.txt
    ✓  358-1.txt
    ✓  360-0.txt
    ✓  361-0.txt
    ✓  362-1.txt
    ✓  368-0.txt
    ✓  369-0.txt
    ✓  381-0.txt
    ✓  381-1.txt
    ✓  450-1.txt
    ✓  458-0.txt
    ✓  461-0.txt
    ✓  465-0.txt
    ✓  466-0.txt
    ✓  468-0.txt
    ✓  470-1.txt
    ✓  471-0.txt
    ✓  472-0.txt
    ✓  474-0.txt
    ✓  476-0.txt
    ✓  488-0.txt
    ✓  492-0.txt
    ✓  497-0.txt
    ✓  508-1.txt
    ✓  511-0.txt
    ✓  515-1.txt
    ✓  527-1.txt
    ✓  528-0.txt
    ✓  529-0.txt
    ✓  544-0.txt
    ✓  551-0.txt
    ✓  559-0.txt
    ✓  562-0.txt
    ✓  563-0.txt
    ✓  573-0.txt
    ✓  578-0.txt
    ✓  580-0.txt
    ✓  581-0.txt
    ✓  585-0.txt
    ✓  587-0.txt
    ✓  592-0.txt
    ✓  594-0.txt
    ✓  595-0.txt
    ✓  598-0.txt
    ✓  601-0.txt
    ✓  607-0.txt
    ✓  609-0.txt
    ✓  610-0.txt
    ✓  615-0.txt
    ✓  620-0.txt
    ✓  624-0.txt
    ✓  635-0.txt
    ✓  636-0.txt
    ✓  639-0.txt
    ✓  640-0.txt
    ✓  650-0.txt
    ✓  656-0.txt
    ✓  657-0.txt
    ✓  663-0.txt
    ✓  672-0.txt
    ✓  674-0.txt
    ✓  681-0.txt
    ✓  689-0.txt
    ✓  698-0.txt
    ✓  702-0.txt
    ✓  703-0.txt
    ✓  704-0.txt
    ✓  705-0.txt
    ✓  707-0.txt
    ✓  711-0.txt

  LCA written: 237 | errors: 0 → Pitt/processed/lexical/sentence_features.csv
  SCA written: 237 | errors: 0 → Pitt/processed/syntactic/sentence_features.csv
